000 (5448975.000.000) 07/04 13:35:50 Job submitted from host: <90.147.169.224:9618?addrs=90.147.169.224-9618+[--1]-9618&noUDP&sock=5858_ade1_3>
...
001 (5448975.000.000) 07/04 13:39:09 Job executing on host: <90.147.168.28:9618?addrs=90.147.168.28-9618+[--1]-9618&noUDP&sock=15838_210e_3>
...
006 (5448975.000.000) 07/04 13:39:18 Image size of job updated: 384
	1  -  MemoryUsage of job (MB)
	380  -  ResidentSetSize of job (KB)
...
006 (5448975.000.000) 07/04 13:39:38 Image size of job updated: 2136520
	1  -  MemoryUsage of job (MB)
	380  -  ResidentSetSize of job (KB)
...
005 (5448975.000.000) 07/04 13:39:38 Job terminated.
	(1) Normal termination (return value 0)
		Usr 0 00:00:03, Sys 0 00:00:01  -  Run Remote Usage
		Usr 0 00:00:00, Sys 0 00:00:00  -  Run Local Usage
		Usr 0 00:00:03, Sys 0 00:00:01  -  Total Remote Usage
		Usr 0 00:00:00, Sys 0 00:00:00  -  Total Local Usage
	0  -  Run Bytes Sent By Job
	0  -  Run Bytes Received By Job
	0  -  Total Bytes Sent By Job
	0  -  Total Bytes Received By Job
	Partitionable Resources :    Usage  Request Allocated
	   Cpus                 :                 2         2
	   Disk (KB)            :        1        1  18249479
	   Memory (MB)          :        1     2048      2048
...
000 (5448996.000.000) 07/04 14:49:49 Job submitted from host: <90.147.169.224:9618?addrs=90.147.169.224-9618+[--1]-9618&noUDP&sock=5858_ade1_3>
...
001 (5448996.000.000) 07/04 14:51:41 Job executing on host: <90.147.168.56:9618?addrs=90.147.168.56-9618+[--1]-9618&noUDP&sock=15729_5d3b_3>
...
006 (5448996.000.000) 07/04 14:51:50 Image size of job updated: 13232
	12  -  MemoryUsage of job (MB)
	11316  -  ResidentSetSize of job (KB)
...
006 (5448996.000.000) 07/04 14:52:09 Image size of job updated: 93696
	12  -  MemoryUsage of job (MB)
	11696  -  ResidentSetSize of job (KB)
...
005 (5448996.000.000) 07/04 14:52:09 Job terminated.
	(1) Normal termination (return value 0)
		Usr 0 00:00:03, Sys 0 00:00:01  -  Run Remote Usage
		Usr 0 00:00:00, Sys 0 00:00:00  -  Run Local Usage
		Usr 0 00:00:03, Sys 0 00:00:01  -  Total Remote Usage
		Usr 0 00:00:00, Sys 0 00:00:00  -  Total Local Usage
	0  -  Run Bytes Sent By Job
	0  -  Run Bytes Received By Job
	0  -  Total Bytes Sent By Job
	0  -  Total Bytes Received By Job
	Partitionable Resources :    Usage  Request Allocated
	   Cpus                 :                 2         2
	   Disk (KB)            :        1        1  18249479
	   Memory (MB)          :       12     2048      2048
...
000 (5449002.000.000) 07/04 15:11:09 Job submitted from host: <90.147.169.224:9618?addrs=90.147.169.224-9618+[--1]-9618&noUDP&sock=5858_ade1_3>
...
001 (5449002.000.000) 07/04 15:12:01 Job executing on host: <90.147.168.60:9618?addrs=90.147.168.60-9618+[--1]-9618&noUDP&sock=15914_4241_3>
...
006 (5449002.000.000) 07/04 15:12:10 Image size of job updated: 208
	1  -  MemoryUsage of job (MB)
	208  -  ResidentSetSize of job (KB)
...
006 (5449002.000.000) 07/04 15:12:31 Image size of job updated: 114780
	1  -  MemoryUsage of job (MB)
	208  -  ResidentSetSize of job (KB)
...
005 (5449002.000.000) 07/04 15:12:31 Job terminated.
	(1) Normal termination (return value 0)
		Usr 0 00:00:03, Sys 0 00:00:01  -  Run Remote Usage
		Usr 0 00:00:00, Sys 0 00:00:00  -  Run Local Usage
		Usr 0 00:00:03, Sys 0 00:00:01  -  Total Remote Usage
		Usr 0 00:00:00, Sys 0 00:00:00  -  Total Local Usage
	0  -  Run Bytes Sent By Job
	0  -  Run Bytes Received By Job
	0  -  Total Bytes Sent By Job
	0  -  Total Bytes Received By Job
	Partitionable Resources :    Usage  Request Allocated
	   Cpus                 :                 2         2
	   Disk (KB)            :        1        1  18249479
	   Memory (MB)          :        1     2048      2048
...
000 (5449004.000.000) 07/04 15:21:42 Job submitted from host: <90.147.169.224:9618?addrs=90.147.169.224-9618+[--1]-9618&noUDP&sock=5858_ade1_3>
...
001 (5449004.000.000) 07/04 15:33:20 Job executing on host: <90.147.169.92:9618?addrs=90.147.169.92-9618+[--1]-9618&noUDP&sock=1955_8bbd_3>
...
006 (5449004.000.000) 07/04 15:33:28 Image size of job updated: 212
	1  -  MemoryUsage of job (MB)
	212  -  ResidentSetSize of job (KB)
...
006 (5449004.000.000) 07/04 15:34:00 Image size of job updated: 10000
	1  -  MemoryUsage of job (MB)
	212  -  ResidentSetSize of job (KB)
...
005 (5449004.000.000) 07/04 15:34:00 Job terminated.
	(1) Normal termination (return value 0)
		Usr 0 00:00:04, Sys 0 00:00:01  -  Run Remote Usage
		Usr 0 00:00:00, Sys 0 00:00:00  -  Run Local Usage
		Usr 0 00:00:04, Sys 0 00:00:01  -  Total Remote Usage
		Usr 0 00:00:00, Sys 0 00:00:00  -  Total Local Usage
	0  -  Run Bytes Sent By Job
	0  -  Run Bytes Received By Job
	0  -  Total Bytes Sent By Job
	0  -  Total Bytes Received By Job
	Partitionable Resources :    Usage  Request Allocated
	   Cpus                 :                 2         2
	   Disk (KB)            :        1        1   3228413
	   Memory (MB)          :        1     2048      2048
...
000 (5449045.000.000) 07/04 16:31:33 Job submitted from host: <90.147.169.224:9618?addrs=90.147.169.224-9618+[--1]-9618&noUDP&sock=5858_ade1_3>
...
001 (5449045.000.000) 07/04 16:31:53 Job executing on host: <90.147.168.178:9618?addrs=90.147.168.178-9618+[--1]-9618&noUDP&sock=22812_b68a_3>
...
006 (5449045.000.000) 07/04 16:32:02 Image size of job updated: 22768
	7  -  MemoryUsage of job (MB)
	6672  -  ResidentSetSize of job (KB)
...
006 (5449045.000.000) 07/04 16:32:22 Image size of job updated: 111552
	7  -  MemoryUsage of job (MB)
	6672  -  ResidentSetSize of job (KB)
...
005 (5449045.000.000) 07/04 16:32:22 Job terminated.
	(1) Normal termination (return value 0)
		Usr 0 00:00:04, Sys 0 00:00:01  -  Run Remote Usage
		Usr 0 00:00:00, Sys 0 00:00:00  -  Run Local Usage
		Usr 0 00:00:04, Sys 0 00:00:01  -  Total Remote Usage
		Usr 0 00:00:00, Sys 0 00:00:00  -  Total Local Usage
	0  -  Run Bytes Sent By Job
	0  -  Run Bytes Received By Job
	0  -  Total Bytes Sent By Job
	0  -  Total Bytes Received By Job
	Partitionable Resources :    Usage  Request Allocated
	   Cpus                 :                 2         2
	   Disk (KB)            :        1        1  18248527
	   Memory (MB)          :        7     2048      2048
...
000 (5449048.000.000) 07/04 16:35:23 Job submitted from host: <90.147.169.224:9618?addrs=90.147.169.224-9618+[--1]-9618&noUDP&sock=5858_ade1_3>
...
001 (5449048.000.000) 07/04 16:37:02 Job executing on host: <90.147.168.46:9618?addrs=90.147.168.46-9618+[--1]-9618&noUDP&sock=15722_9012_3>
...
006 (5449048.000.000) 07/04 16:37:11 Image size of job updated: 240
	1  -  MemoryUsage of job (MB)
	240  -  ResidentSetSize of job (KB)
...
006 (5449048.000.000) 07/04 16:37:53 Image size of job updated: 139344
	1  -  MemoryUsage of job (MB)
	240  -  ResidentSetSize of job (KB)
...
005 (5449048.000.000) 07/04 16:37:53 Job terminated.
	(1) Normal termination (return value 0)
		Usr 0 00:00:15, Sys 0 00:00:01  -  Run Remote Usage
		Usr 0 00:00:00, Sys 0 00:00:00  -  Run Local Usage
		Usr 0 00:00:15, Sys 0 00:00:01  -  Total Remote Usage
		Usr 0 00:00:00, Sys 0 00:00:00  -  Total Local Usage
	0  -  Run Bytes Sent By Job
	0  -  Run Bytes Received By Job
	0  -  Total Bytes Sent By Job
	0  -  Total Bytes Received By Job
	Partitionable Resources :    Usage  Request Allocated
	   Cpus                 :                 2         2
	   Disk (KB)            :        1        1  18249479
	   Memory (MB)          :        1     2048      2048
...
000 (5449071.000.000) 07/04 16:57:56 Job submitted from host: <90.147.169.224:9618?addrs=90.147.169.224-9618+[--1]-9618&noUDP&sock=5858_ade1_3>
...
001 (5449071.000.000) 07/04 17:02:21 Job executing on host: <90.147.168.6:9618?addrs=90.147.168.6-9618+[--1]-9618&noUDP&sock=15771_2c36_3>
...
006 (5449071.000.000) 07/04 17:02:30 Image size of job updated: 236
	1  -  MemoryUsage of job (MB)
	236  -  ResidentSetSize of job (KB)
...
006 (5449071.000.000) 07/04 17:04:50 Image size of job updated: 124972
	1  -  MemoryUsage of job (MB)
	236  -  ResidentSetSize of job (KB)
...
005 (5449071.000.000) 07/04 17:04:50 Job terminated.
	(1) Normal termination (return value 0)
		Usr 0 00:01:55, Sys 0 00:00:01  -  Run Remote Usage
		Usr 0 00:00:00, Sys 0 00:00:00  -  Run Local Usage
		Usr 0 00:01:55, Sys 0 00:00:01  -  Total Remote Usage
		Usr 0 00:00:00, Sys 0 00:00:00  -  Total Local Usage
	0  -  Run Bytes Sent By Job
	0  -  Run Bytes Received By Job
	0  -  Total Bytes Sent By Job
	0  -  Total Bytes Received By Job
	Partitionable Resources :    Usage  Request Allocated
	   Cpus                 :                 2         2
	   Disk (KB)            :        1        1  18249479
	   Memory (MB)          :        1     2048      2048
...
000 (5451311.000.000) 07/05 16:47:58 Job submitted from host: <90.147.169.224:9618?addrs=90.147.169.224-9618+[--1]-9618&noUDP&sock=5858_ade1_3>
...
001 (5451311.000.000) 07/05 16:59:18 Job executing on host: <90.147.168.56:9618?addrs=90.147.168.56-9618+[--1]-9618&noUDP&sock=15729_5d3b_3>
...
006 (5451311.000.000) 07/05 16:59:26 Image size of job updated: 92784
	45  -  MemoryUsage of job (MB)
	45780  -  ResidentSetSize of job (KB)
...
006 (5451311.000.000) 07/05 17:00:14 Image size of job updated: 124852
	45  -  MemoryUsage of job (MB)
	45780  -  ResidentSetSize of job (KB)
...
005 (5451311.000.000) 07/05 17:00:14 Job terminated.
	(1) Normal termination (return value 0)
		Usr 0 00:00:47, Sys 0 00:00:01  -  Run Remote Usage
		Usr 0 00:00:00, Sys 0 00:00:00  -  Run Local Usage
		Usr 0 00:00:47, Sys 0 00:00:01  -  Total Remote Usage
		Usr 0 00:00:00, Sys 0 00:00:00  -  Total Local Usage
	0  -  Run Bytes Sent By Job
	0  -  Run Bytes Received By Job
	0  -  Total Bytes Sent By Job
	0  -  Total Bytes Received By Job
	Partitionable Resources :    Usage  Request Allocated
	   Cpus                 :                 2         2
	   Disk (KB)            :        1        1  18249479
	   Memory (MB)          :       45     2048      2048
...
000 (5451778.000.000) 07/05 19:52:30 Job submitted from host: <90.147.169.224:9618?addrs=90.147.169.224-9618+[--1]-9618&noUDP&sock=5858_ade1_3>
...
001 (5451778.000.000) 07/05 19:59:22 Job executing on host: <90.147.168.134:9618?addrs=90.147.168.134-9618+[--1]-9618&noUDP&sock=15897_9924_3>
...
006 (5451778.000.000) 07/05 19:59:31 Image size of job updated: 24080
	7  -  MemoryUsage of job (MB)
	6792  -  ResidentSetSize of job (KB)
...
006 (5451778.000.000) 07/05 20:00:14 Image size of job updated: 139200
	7  -  MemoryUsage of job (MB)
	6792  -  ResidentSetSize of job (KB)
...
005 (5451778.000.000) 07/05 20:00:14 Job terminated.
	(1) Normal termination (return value 0)
		Usr 0 00:00:39, Sys 0 00:00:01  -  Run Remote Usage
		Usr 0 00:00:00, Sys 0 00:00:00  -  Run Local Usage
		Usr 0 00:00:39, Sys 0 00:00:01  -  Total Remote Usage
		Usr 0 00:00:00, Sys 0 00:00:00  -  Total Local Usage
	0  -  Run Bytes Sent By Job
	0  -  Run Bytes Received By Job
	0  -  Total Bytes Sent By Job
	0  -  Total Bytes Received By Job
	Partitionable Resources :    Usage  Request Allocated
	   Cpus                 :                 2         2
	   Disk (KB)            :        1        1  18249479
	   Memory (MB)          :        7     2048      2048
...
000 (5700348.000.000) 09/16 12:14:22 Job submitted from host: <90.147.169.224:9618?addrs=90.147.169.224-9618+[--1]-9618&noUDP&sock=5858_ade1_3>
...
001 (5700348.000.000) 09/16 12:14:43 Job executing on host: <90.147.169.97:9618?addrs=90.147.169.97-9618+[--1]-9618&noUDP&sock=2130_94d0_3>
...
006 (5700348.000.000) 09/16 12:14:52 Image size of job updated: 356
	1  -  MemoryUsage of job (MB)
	356  -  ResidentSetSize of job (KB)
...
006 (5700348.000.000) 09/16 12:19:53 Image size of job updated: 139432
	89  -  MemoryUsage of job (MB)
	90192  -  ResidentSetSize of job (KB)
...
006 (5700348.000.000) 09/16 12:21:06 Image size of job updated: 2137196
	89  -  MemoryUsage of job (MB)
	90192  -  ResidentSetSize of job (KB)
...
005 (5700348.000.000) 09/16 12:21:06 Job terminated.
	(1) Normal termination (return value 0)
		Usr 0 00:05:47, Sys 0 00:00:01  -  Run Remote Usage
		Usr 0 00:00:00, Sys 0 00:00:00  -  Run Local Usage
		Usr 0 00:05:47, Sys 0 00:00:01  -  Total Remote Usage
		Usr 0 00:00:00, Sys 0 00:00:00  -  Total Local Usage
	0  -  Run Bytes Sent By Job
	0  -  Run Bytes Received By Job
	0  -  Total Bytes Sent By Job
	0  -  Total Bytes Received By Job
	Partitionable Resources :    Usage  Request Allocated
	   Cpus                 :                 2         2
	   Disk (KB)            :        1        1  18249479
	   Memory (MB)          :       89     2048      2048
...
