000 (157101.000.000) 05/27 16:45:28 Job submitted from host: <90.147.169.224:9618?addrs=90.147.169.224-9618+[--1]-9618&noUDP&sock=5858_ade1_3>
...
001 (157101.000.000) 05/27 16:45:52 Job executing on host: <90.147.168.46:9618?addrs=90.147.168.46-9618+[--1]-9618&noUDP&sock=15722_9012_3>
...
006 (157101.000.000) 05/27 16:45:52 Image size of job updated: 4000
	0  -  MemoryUsage of job (MB)
	0  -  ResidentSetSize of job (KB)
...
005 (157101.000.000) 05/27 16:45:52 Job terminated.
	(1) Normal termination (return value 127)
		Usr 0 00:00:00, Sys 0 00:00:00  -  Run Remote Usage
		Usr 0 00:00:00, Sys 0 00:00:00  -  Run Local Usage
		Usr 0 00:00:00, Sys 0 00:00:00  -  Total Remote Usage
		Usr 0 00:00:00, Sys 0 00:00:00  -  Total Local Usage
	0  -  Run Bytes Sent By Job
	0  -  Run Bytes Received By Job
	0  -  Total Bytes Sent By Job
	0  -  Total Bytes Received By Job
	Partitionable Resources :    Usage  Request Allocated
	   Cpus                 :                 1         1
	   Disk (KB)            :     4000     4000  18249479
	   Memory (MB)          :        0        4         4
...
000 (157103.000.000) 05/27 16:51:38 Job submitted from host: <90.147.169.224:9618?addrs=90.147.169.224-9618+[--1]-9618&noUDP&sock=5858_ade1_3>
...
001 (157103.000.000) 05/27 16:52:04 Job executing on host: <90.147.168.62:9618?addrs=90.147.168.62-9618+[--1]-9618&noUDP&sock=15807_dd9e_3>
...
006 (157103.000.000) 05/27 16:52:12 Image size of job updated: 25120
	23  -  MemoryUsage of job (MB)
	23140  -  ResidentSetSize of job (KB)
...
005 (157103.000.000) 05/27 17:09:52 Job terminated.
	(1) Normal termination (return value 255)
		Usr 0 00:00:01, Sys 0 00:00:00  -  Run Remote Usage
		Usr 0 00:00:00, Sys 0 00:00:00  -  Run Local Usage
		Usr 0 00:00:01, Sys 0 00:00:00  -  Total Remote Usage
		Usr 0 00:00:00, Sys 0 00:00:00  -  Total Local Usage
	0  -  Run Bytes Sent By Job
	0  -  Run Bytes Received By Job
	0  -  Total Bytes Sent By Job
	0  -  Total Bytes Received By Job
	Partitionable Resources :    Usage  Request Allocated
	   Cpus                 :                 1         1
	   Disk (KB)            :       35       35  18249479
	   Memory (MB)          :       23        1         1
...
000 (157122.000.000) 05/27 17:11:09 Job submitted from host: <90.147.169.224:9618?addrs=90.147.169.224-9618+[--1]-9618&noUDP&sock=5858_ade1_3>
...
001 (157122.000.000) 05/27 17:11:33 Job executing on host: <90.147.168.105:9618?addrs=90.147.168.105-9618+[--1]-9618&noUDP&sock=2161_d840_3>
...
006 (157122.000.000) 05/27 17:11:33 Image size of job updated: 4000
	0  -  MemoryUsage of job (MB)
	0  -  ResidentSetSize of job (KB)
...
005 (157122.000.000) 05/27 17:11:33 Job terminated.
	(1) Normal termination (return value 127)
		Usr 0 00:00:00, Sys 0 00:00:00  -  Run Remote Usage
		Usr 0 00:00:00, Sys 0 00:00:00  -  Run Local Usage
		Usr 0 00:00:00, Sys 0 00:00:00  -  Total Remote Usage
		Usr 0 00:00:00, Sys 0 00:00:00  -  Total Local Usage
	0  -  Run Bytes Sent By Job
	0  -  Run Bytes Received By Job
	0  -  Total Bytes Sent By Job
	0  -  Total Bytes Received By Job
	Partitionable Resources :    Usage  Request Allocated
	   Cpus                 :                 1         1
	   Disk (KB)            :     4000     4000  18249479
	   Memory (MB)          :        0        4         4
...
000 (2909103.000.000) 07/03 19:35:26 Job submitted from host: <90.147.169.224:9618?addrs=90.147.169.224-9618+[--1]-9618&noUDP&sock=5858_ade1_3>
...
001 (2909103.000.000) 07/03 19:35:38 Job executing on host: <90.147.169.158:9618?addrs=90.147.169.158-9618+[--1]-9618&noUDP&sock=2160_28a8_3>
...
006 (2909103.000.000) 07/03 19:35:38 Image size of job updated: 4000
	0  -  MemoryUsage of job (MB)
	0  -  ResidentSetSize of job (KB)
...
005 (2909103.000.000) 07/03 19:35:38 Job terminated.
	(1) Normal termination (return value 127)
		Usr 0 00:00:00, Sys 0 00:00:00  -  Run Remote Usage
		Usr 0 00:00:00, Sys 0 00:00:00  -  Run Local Usage
		Usr 0 00:00:00, Sys 0 00:00:00  -  Total Remote Usage
		Usr 0 00:00:00, Sys 0 00:00:00  -  Total Local Usage
	0  -  Run Bytes Sent By Job
	0  -  Run Bytes Received By Job
	0  -  Total Bytes Sent By Job
	0  -  Total Bytes Received By Job
	Partitionable Resources :    Usage  Request Allocated
	   Cpus                 :                 1         1
	   Disk (KB)            :     4000     4000  18249479
	   Memory (MB)          :        0        4         4
...
000 (2979887.000.000) 07/03 19:59:07 Job submitted from host: <90.147.169.224:9618?addrs=90.147.169.224-9618+[--1]-9618&noUDP&sock=5858_ade1_3>
...
009 (2979887.000.000) 07/03 20:47:55 Job was aborted by the user.
	via condor_rm (by user antonellopellecchia)
...
000 (3114029.000.000) 07/03 20:48:13 Job submitted from host: <90.147.169.224:9618?addrs=90.147.169.224-9618+[--1]-9618&noUDP&sock=5858_ade1_3>
...
001 (3114029.000.000) 07/03 20:48:48 Job executing on host: <90.147.169.78:9618?addrs=90.147.169.78-9618+[--1]-9618&noUDP&sock=1673_1e08_3>
...
007 (3114029.000.000) 07/03 20:48:48 Shadow exception!
	Error from slot1@wn-1-6-7-a.recas.ba.infn.it: Failed to execute '/lustrehome/antonellopellecchia/simulations/primaries/primaries.sh': (errno=13: 'Permission denied')
	0  -  Run Bytes Sent By Job
	0  -  Run Bytes Received By Job
...
012 (3114029.000.000) 07/03 20:48:49 Job was held.
	Error from slot1@wn-1-6-7-a.recas.ba.infn.it: Failed to execute '/lustrehome/antonellopellecchia/simulations/primaries/primaries.sh': (errno=13: 'Permission denied')
	Code 6 Subcode 13
...
013 (3114029.000.000) 07/03 20:50:10 Job was released.
	via condor_release (by user antonellopellecchia)
...
001 (3114029.000.000) 07/03 20:51:16 Job executing on host: <90.147.168.56:9618?addrs=90.147.168.56-9618+[--1]-9618&noUDP&sock=15729_5d3b_3>
...
007 (3114029.000.000) 07/03 20:51:16 Shadow exception!
	Error from slot1@wn-infn-3-5-21.recas.ba.infn.it: Failed to execute '/lustrehome/antonellopellecchia/simulations/primaries/primaries.sh': (errno=13: 'Permission denied')
	0  -  Run Bytes Sent By Job
	0  -  Run Bytes Received By Job
...
012 (3114029.000.000) 07/03 20:51:17 Job was held.
	Error from slot1@wn-infn-3-5-21.recas.ba.infn.it: Failed to execute '/lustrehome/antonellopellecchia/simulations/primaries/primaries.sh': (errno=13: 'Permission denied')
	Code 6 Subcode 13
...
009 (3114029.000.000) 07/03 21:06:41 Job was aborted by the user.
	via condor_rm (by user antonellopellecchia)
...
000 (3161191.000.000) 07/03 21:06:47 Job submitted from host: <90.147.169.224:9618?addrs=90.147.169.224-9618+[--1]-9618&noUDP&sock=5858_ade1_3>
...
001 (3161191.000.000) 07/03 21:13:21 Job executing on host: <90.147.168.52:9618?addrs=90.147.168.52-9618+[--1]-9618&noUDP&sock=15765_0ea4_3>
...
006 (3161191.000.000) 07/03 21:13:30 Image size of job updated: 3868
	3  -  MemoryUsage of job (MB)
	2420  -  ResidentSetSize of job (KB)
...
006 (3161191.000.000) 07/03 21:18:30 Image size of job updated: 139696
	89  -  MemoryUsage of job (MB)
	90452  -  ResidentSetSize of job (KB)
...
009 (2979887.000.000) 07/04 00:00:08 Job was aborted by the user.
	via condor_rm -forcex (by user condor)
...
009 (3114029.000.000) 07/04 00:00:08 Job was aborted by the user.
	via condor_rm -forcex (by user condor)
...
006 (3161191.000.000) 07/04 00:08:47 Image size of job updated: 139696
	89  -  MemoryUsage of job (MB)
	90460  -  ResidentSetSize of job (KB)
...
006 (3161191.000.000) 07/04 02:09:00 Image size of job updated: 139696
	89  -  MemoryUsage of job (MB)
	90468  -  ResidentSetSize of job (KB)
...
006 (3161191.000.000) 07/04 12:35:05 Image size of job updated: 139696
	94  -  MemoryUsage of job (MB)
	95804  -  ResidentSetSize of job (KB)
...
000 (5448967.000.000) 07/04 13:09:21 Job submitted from host: <90.147.169.224:9618?addrs=90.147.169.224-9618+[--1]-9618&noUDP&sock=5858_ade1_3>
...
004 (3161191.000.000) 07/04 13:09:49 Job was evicted.
	(0) Job was not checkpointed.
		Usr 0 15:48:01, Sys 0 00:04:08  -  Run Remote Usage
		Usr 0 00:00:00, Sys 0 00:00:00  -  Run Local Usage
	0  -  Run Bytes Sent By Job
	0  -  Run Bytes Received By Job
	Partitionable Resources :    Usage  Request Allocated
	   Cpus                 :                 2         2
	   Disk (KB)            :        1        1  18249479
	   Memory (MB)          :       94     4096      4096
...
009 (3161191.000.000) 07/04 13:09:49 Job was aborted by the user.
	via condor_rm (by user antonellopellecchia)
...
009 (5448967.000.000) 07/04 13:09:54 Job was aborted by the user.
	via condor_rm (by user antonellopellecchia)
...
000 (5448968.000.000) 07/04 13:11:09 Job submitted from host: <90.147.169.224:9618?addrs=90.147.169.224-9618+[--1]-9618&noUDP&sock=5858_ade1_3>
...
009 (5448968.000.000) 07/04 13:12:05 Job was aborted by the user.
	via condor_rm (by user antonellopellecchia)
...
000 (5448969.000.000) 07/04 13:12:09 Job submitted from host: <90.147.169.224:9618?addrs=90.147.169.224-9618+[--1]-9618&noUDP&sock=5858_ade1_3>
...
001 (5448969.000.000) 07/04 13:18:34 Job executing on host: <90.147.168.38:9618?addrs=90.147.168.38-9618+[--1]-9618&noUDP&sock=15946_3548_3>
...
006 (5448969.000.000) 07/04 13:18:43 Image size of job updated: 5016
	4  -  MemoryUsage of job (MB)
	3436  -  ResidentSetSize of job (KB)
...
006 (5448969.000.000) 07/04 13:23:44 Image size of job updated: 139644
	89  -  MemoryUsage of job (MB)
	90412  -  ResidentSetSize of job (KB)
...
006 (5448969.000.000) 07/04 13:28:45 Image size of job updated: 139648
	89  -  MemoryUsage of job (MB)
	90416  -  ResidentSetSize of job (KB)
...
006 (5448969.000.000) 07/04 13:33:46 Image size of job updated: 139660
	89  -  MemoryUsage of job (MB)
	90428  -  ResidentSetSize of job (KB)
...
005 (5448969.000.000) 07/04 15:20:52 Job terminated.
	(1) Normal termination (return value 0)
		Usr 0 02:01:32, Sys 0 00:00:01  -  Run Remote Usage
		Usr 0 00:00:00, Sys 0 00:00:00  -  Run Local Usage
		Usr 0 02:01:32, Sys 0 00:00:01  -  Total Remote Usage
		Usr 0 00:00:00, Sys 0 00:00:00  -  Total Local Usage
	0  -  Run Bytes Sent By Job
	0  -  Run Bytes Received By Job
	0  -  Total Bytes Sent By Job
	0  -  Total Bytes Received By Job
	Partitionable Resources :    Usage  Request Allocated
	   Cpus                 :                 2         2
	   Disk (KB)            :        1        1  18249479
	   Memory (MB)          :       89     2048      2048
...
000 (5449005.000.000) 07/04 15:23:37 Job submitted from host: <90.147.169.224:9618?addrs=90.147.169.224-9618+[--1]-9618&noUDP&sock=5858_ade1_3>
...
009 (5449005.000.000) 07/04 15:27:35 Job was aborted by the user.
	via condor_rm (by user antonellopellecchia)
...
000 (5449008.000.000) 07/04 15:28:56 Job submitted from host: <90.147.169.224:9618?addrs=90.147.169.224-9618+[--1]-9618&noUDP&sock=5858_ade1_3>
...
001 (5449008.000.000) 07/04 15:33:20 Job executing on host: <90.147.169.92:9618?addrs=90.147.169.92-9618+[--1]-9618&noUDP&sock=1955_8bbd_3>
...
006 (5449008.000.000) 07/04 15:33:28 Image size of job updated: 208
	1  -  MemoryUsage of job (MB)
	208  -  ResidentSetSize of job (KB)
...
006 (5449008.000.000) 07/04 15:38:28 Image size of job updated: 99716
	89  -  MemoryUsage of job (MB)
	90232  -  ResidentSetSize of job (KB)
...
006 (5449008.000.000) 07/04 15:43:29 Image size of job updated: 99724
	89  -  MemoryUsage of job (MB)
	90240  -  ResidentSetSize of job (KB)
...
006 (5449008.000.000) 07/04 15:48:30 Image size of job updated: 99728
	89  -  MemoryUsage of job (MB)
	90244  -  ResidentSetSize of job (KB)
...
006 (5449008.000.000) 07/04 15:53:30 Image size of job updated: 99732
	89  -  MemoryUsage of job (MB)
	90248  -  ResidentSetSize of job (KB)
...
005 (5449008.000.000) 07/04 15:59:17 Job terminated.
	(1) Normal termination (return value 0)
		Usr 0 00:25:21, Sys 0 00:00:01  -  Run Remote Usage
		Usr 0 00:00:00, Sys 0 00:00:00  -  Run Local Usage
		Usr 0 00:25:21, Sys 0 00:00:01  -  Total Remote Usage
		Usr 0 00:00:00, Sys 0 00:00:00  -  Total Local Usage
	0  -  Run Bytes Sent By Job
	0  -  Run Bytes Received By Job
	0  -  Total Bytes Sent By Job
	0  -  Total Bytes Received By Job
	Partitionable Resources :    Usage  Request Allocated
	   Cpus                 :                 2         2
	   Disk (KB)            :        1        1   3228413
	   Memory (MB)          :       89     2048      2048
...
000 (5449042.000.000) 07/04 16:27:56 Job submitted from host: <90.147.169.224:9618?addrs=90.147.169.224-9618+[--1]-9618&noUDP&sock=5858_ade1_3>
...
001 (5449042.000.000) 07/04 16:31:31 Job executing on host: <90.147.168.178:9618?addrs=90.147.168.178-9618+[--1]-9618&noUDP&sock=22812_b68a_3>
...
006 (5449042.000.000) 07/04 16:31:40 Image size of job updated: 208
	1  -  MemoryUsage of job (MB)
	208  -  ResidentSetSize of job (KB)
...
006 (5449042.000.000) 07/04 16:31:45 Image size of job updated: 240
	1  -  MemoryUsage of job (MB)
	208  -  ResidentSetSize of job (KB)
...
004 (5449042.000.000) 07/04 16:31:45 Job was evicted.
	(0) Job was not checkpointed.
		Usr 0 00:00:01, Sys 0 00:00:00  -  Run Remote Usage
		Usr 0 00:00:00, Sys 0 00:00:00  -  Run Local Usage
	0  -  Run Bytes Sent By Job
	0  -  Run Bytes Received By Job
	Partitionable Resources :    Usage  Request Allocated
	   Cpus                 :                 2         2
	   Disk (KB)            :        1        1  18248527
	   Memory (MB)          :        1     2048      2048
...
009 (5449042.000.000) 07/04 16:31:45 Job was aborted by the user.
	via condor_rm (by user antonellopellecchia)
...
000 (5449046.000.000) 07/04 16:32:16 Job submitted from host: <90.147.169.224:9618?addrs=90.147.169.224-9618+[--1]-9618&noUDP&sock=5858_ade1_3>
...
001 (5449046.000.000) 07/04 16:32:40 Job executing on host: <90.147.168.178:9618?addrs=90.147.168.178-9618+[--1]-9618&noUDP&sock=22812_b68a_3>
...
006 (5449046.000.000) 07/04 16:32:49 Image size of job updated: 139444
	89  -  MemoryUsage of job (MB)
	90212  -  ResidentSetSize of job (KB)
...
006 (5449046.000.000) 07/04 16:37:49 Image size of job updated: 139472
	89  -  MemoryUsage of job (MB)
	90240  -  ResidentSetSize of job (KB)
...
006 (5449046.000.000) 07/04 16:42:49 Image size of job updated: 139488
	89  -  MemoryUsage of job (MB)
	90256  -  ResidentSetSize of job (KB)
...
006 (5449046.000.000) 07/04 16:52:50 Image size of job updated: 139492
	89  -  MemoryUsage of job (MB)
	90260  -  ResidentSetSize of job (KB)
...
006 (5449046.000.000) 07/04 17:02:50 Image size of job updated: 139496
	89  -  MemoryUsage of job (MB)
	90264  -  ResidentSetSize of job (KB)
...
005 (5449046.000.000) 07/04 17:35:10 Job terminated.
	(1) Normal termination (return value 0)
		Usr 0 01:02:25, Sys 0 00:00:01  -  Run Remote Usage
		Usr 0 00:00:00, Sys 0 00:00:00  -  Run Local Usage
		Usr 0 01:02:25, Sys 0 00:00:01  -  Total Remote Usage
		Usr 0 00:00:00, Sys 0 00:00:00  -  Total Local Usage
	0  -  Run Bytes Sent By Job
	0  -  Run Bytes Received By Job
	0  -  Total Bytes Sent By Job
	0  -  Total Bytes Received By Job
	Partitionable Resources :    Usage  Request Allocated
	   Cpus                 :                 2         2
	   Disk (KB)            :        1        1  18248527
	   Memory (MB)          :       89     2048      2048
...
000 (5449121.000.000) 07/04 17:45:21 Job submitted from host: <90.147.169.224:9618?addrs=90.147.169.224-9618+[--1]-9618&noUDP&sock=5858_ade1_3>
...
001 (5449121.000.000) 07/04 17:45:34 Job executing on host: <90.147.168.6:9618?addrs=90.147.168.6-9618+[--1]-9618&noUDP&sock=15771_2c36_3>
...
006 (5449121.000.000) 07/04 17:45:43 Image size of job updated: 139232
	88  -  MemoryUsage of job (MB)
	89996  -  ResidentSetSize of job (KB)
...
006 (5449121.000.000) 07/04 17:50:44 Image size of job updated: 139492
	89  -  MemoryUsage of job (MB)
	90256  -  ResidentSetSize of job (KB)
...
006 (5449121.000.000) 07/04 17:55:45 Image size of job updated: 139516
	89  -  MemoryUsage of job (MB)
	90280  -  ResidentSetSize of job (KB)
...
005 (5449121.000.000) 07/04 18:09:56 Job terminated.
	(1) Normal termination (return value 0)
		Usr 0 00:24:17, Sys 0 00:00:01  -  Run Remote Usage
		Usr 0 00:00:00, Sys 0 00:00:00  -  Run Local Usage
		Usr 0 00:24:17, Sys 0 00:00:01  -  Total Remote Usage
		Usr 0 00:00:00, Sys 0 00:00:00  -  Total Local Usage
	0  -  Run Bytes Sent By Job
	0  -  Run Bytes Received By Job
	0  -  Total Bytes Sent By Job
	0  -  Total Bytes Received By Job
	Partitionable Resources :    Usage  Request Allocated
	   Cpus                 :                 2         2
	   Disk (KB)            :        1        1  18249479
	   Memory (MB)          :       89     2048      2048
...
000 (5449223.000.000) 07/04 18:40:00 Job submitted from host: <90.147.169.224:9618?addrs=90.147.169.224-9618+[--1]-9618&noUDP&sock=5858_ade1_3>
...
001 (5449223.000.000) 07/04 18:41:32 Job executing on host: <90.147.168.180:9618?addrs=90.147.168.180-9618+[--1]-9618&noUDP&sock=25061_5709_3>
...
006 (5449223.000.000) 07/04 18:41:40 Image size of job updated: 212
	1  -  MemoryUsage of job (MB)
	212  -  ResidentSetSize of job (KB)
...
006 (5449223.000.000) 07/04 18:46:40 Image size of job updated: 139384
	89  -  MemoryUsage of job (MB)
	90148  -  ResidentSetSize of job (KB)
...
006 (5449223.000.000) 07/04 18:51:41 Image size of job updated: 139408
	89  -  MemoryUsage of job (MB)
	90172  -  ResidentSetSize of job (KB)
...
005 (5449223.000.000) 07/04 19:07:54 Job terminated.
	(1) Normal termination (return value 0)
		Usr 0 00:25:52, Sys 0 00:00:01  -  Run Remote Usage
		Usr 0 00:00:00, Sys 0 00:00:00  -  Run Local Usage
		Usr 0 00:25:52, Sys 0 00:00:01  -  Total Remote Usage
		Usr 0 00:00:00, Sys 0 00:00:00  -  Total Local Usage
	0  -  Run Bytes Sent By Job
	0  -  Run Bytes Received By Job
	0  -  Total Bytes Sent By Job
	0  -  Total Bytes Received By Job
	Partitionable Resources :    Usage  Request Allocated
	   Cpus                 :                 2         2
	   Disk (KB)            :        1        1  50762234
	   Memory (MB)          :       89     2048      2048
...
000 (5449278.000.000) 07/04 19:39:41 Job submitted from host: <90.147.169.224:9618?addrs=90.147.169.224-9618+[--1]-9618&noUDP&sock=5858_ade1_3>
...
001 (5449278.000.000) 07/04 19:45:14 Job executing on host: <90.147.168.63:9618?addrs=90.147.168.63-9618+[--1]-9618&noUDP&sock=20714_a8d8_3>
...
006 (5449278.000.000) 07/04 19:45:23 Image size of job updated: 29604
	27  -  MemoryUsage of job (MB)
	27644  -  ResidentSetSize of job (KB)
...
006 (5449278.000.000) 07/04 19:50:24 Image size of job updated: 91056
	89  -  MemoryUsage of job (MB)
	90132  -  ResidentSetSize of job (KB)
...
006 (5449278.000.000) 07/04 20:00:25 Image size of job updated: 91244
	89  -  MemoryUsage of job (MB)
	90320  -  ResidentSetSize of job (KB)
...
006 (5449278.000.000) 07/04 20:27:11 Image size of job updated: 95844
	89  -  MemoryUsage of job (MB)
	90320  -  ResidentSetSize of job (KB)
...
005 (5449278.000.000) 07/04 20:27:11 Job terminated.
	(1) Normal termination (return value 0)
		Usr 0 00:41:24, Sys 0 00:00:01  -  Run Remote Usage
		Usr 0 00:00:00, Sys 0 00:00:00  -  Run Local Usage
		Usr 0 00:41:24, Sys 0 00:00:01  -  Total Remote Usage
		Usr 0 00:00:00, Sys 0 00:00:00  -  Total Local Usage
	0  -  Run Bytes Sent By Job
	0  -  Run Bytes Received By Job
	0  -  Total Bytes Sent By Job
	0  -  Total Bytes Received By Job
	Partitionable Resources :    Usage  Request Allocated
	   Cpus                 :                 2         2
	   Disk (KB)            :        1        1    977580
	   Memory (MB)          :       89     2048      2048
...
009 (3161191.000.000) 07/05 00:00:01 Job was aborted by the user.
	via condor_rm -forcex (by user condor)
...
009 (5448967.000.000) 07/05 00:00:01 Job was aborted by the user.
	via condor_rm -forcex (by user condor)
...
009 (5448968.000.000) 07/05 00:00:01 Job was aborted by the user.
	via condor_rm -forcex (by user condor)
...
009 (5449005.000.000) 07/05 00:00:01 Job was aborted by the user.
	via condor_rm -forcex (by user condor)
...
009 (5449042.000.000) 07/05 00:00:02 Job was aborted by the user.
	via condor_rm -forcex (by user condor)
...
000 (5450573.000.000) 07/05 11:51:45 Job submitted from host: <90.147.169.224:9618?addrs=90.147.169.224-9618+[--1]-9618&noUDP&sock=5858_ade1_3>
...
001 (5450573.000.000) 07/05 12:01:38 Job executing on host: <90.147.168.32:9618?addrs=90.147.168.32-9618+[--1]-9618&noUDP&sock=2191_6c17_3>
...
006 (5450573.000.000) 07/05 12:01:47 Image size of job updated: 29612
	28  -  MemoryUsage of job (MB)
	27652  -  ResidentSetSize of job (KB)
...
006 (5450573.000.000) 07/05 12:06:48 Image size of job updated: 139496
	89  -  MemoryUsage of job (MB)
	90260  -  ResidentSetSize of job (KB)
...
006 (5450573.000.000) 07/05 12:11:48 Image size of job updated: 139508
	89  -  MemoryUsage of job (MB)
	90272  -  ResidentSetSize of job (KB)
...
006 (5450573.000.000) 07/05 12:21:50 Image size of job updated: 139512
	89  -  MemoryUsage of job (MB)
	90276  -  ResidentSetSize of job (KB)
...
006 (5450573.000.000) 07/05 12:51:52 Image size of job updated: 139520
	89  -  MemoryUsage of job (MB)
	90284  -  ResidentSetSize of job (KB)
...
005 (5450573.000.000) 07/05 13:24:04 Job terminated.
	(1) Normal termination (return value 0)
		Usr 0 01:22:04, Sys 0 00:00:01  -  Run Remote Usage
		Usr 0 00:00:00, Sys 0 00:00:00  -  Run Local Usage
		Usr 0 01:22:04, Sys 0 00:00:01  -  Total Remote Usage
		Usr 0 00:00:00, Sys 0 00:00:00  -  Total Local Usage
	0  -  Run Bytes Sent By Job
	0  -  Run Bytes Received By Job
	0  -  Total Bytes Sent By Job
	0  -  Total Bytes Received By Job
	Partitionable Resources :    Usage  Request Allocated
	   Cpus                 :                 2         2
	   Disk (KB)            :        1        1  18249479
	   Memory (MB)          :       89     2048      2048
...
000 (5450583.000.000) 07/05 13:32:26 Job submitted from host: <90.147.169.224:9618?addrs=90.147.169.224-9618+[--1]-9618&noUDP&sock=5858_ade1_3>
...
009 (5450583.000.000) 07/05 13:32:57 Job was aborted by the user.
	via condor_rm (by user antonellopellecchia)
...
000 (5450584.000.000) 07/05 13:33:16 Job submitted from host: <90.147.169.224:9618?addrs=90.147.169.224-9618+[--1]-9618&noUDP&sock=5858_ade1_3>
...
001 (5450584.000.000) 07/05 13:39:27 Job executing on host: <90.147.168.66:9618?addrs=90.147.168.66-9618+[--1]-9618&noUDP&sock=15804_ced6_3>
...
006 (5450584.000.000) 07/05 13:39:36 Image size of job updated: 208
	1  -  MemoryUsage of job (MB)
	208  -  ResidentSetSize of job (KB)
...
006 (5450584.000.000) 07/05 13:44:36 Image size of job updated: 139504
	89  -  MemoryUsage of job (MB)
	90268  -  ResidentSetSize of job (KB)
...
006 (5450584.000.000) 07/05 13:54:37 Image size of job updated: 139512
	89  -  MemoryUsage of job (MB)
	90276  -  ResidentSetSize of job (KB)
...
006 (5450584.000.000) 07/05 14:09:39 Image size of job updated: 139528
	89  -  MemoryUsage of job (MB)
	90292  -  ResidentSetSize of job (KB)
...
006 (5450584.000.000) 07/05 14:14:40 Image size of job updated: 139528
	89  -  MemoryUsage of job (MB)
	90300  -  ResidentSetSize of job (KB)
...
006 (5450584.000.000) 07/05 15:33:24 Image size of job updated: 2200716
	89  -  MemoryUsage of job (MB)
	90300  -  ResidentSetSize of job (KB)
...
005 (5450584.000.000) 07/05 15:33:24 Job terminated.
	(1) Normal termination (return value 0)
		Usr 0 01:52:58, Sys 0 00:00:02  -  Run Remote Usage
		Usr 0 00:00:00, Sys 0 00:00:00  -  Run Local Usage
		Usr 0 01:52:58, Sys 0 00:00:02  -  Total Remote Usage
		Usr 0 00:00:00, Sys 0 00:00:00  -  Total Local Usage
	0  -  Run Bytes Sent By Job
	0  -  Run Bytes Received By Job
	0  -  Total Bytes Sent By Job
	0  -  Total Bytes Received By Job
	Partitionable Resources :    Usage  Request Allocated
	   Cpus                 :                 2         2
	   Disk (KB)            :        1        1  18249479
	   Memory (MB)          :       89     2048      2048
...
000 (5451147.000.000) 07/05 16:02:38 Job submitted from host: <90.147.169.224:9618?addrs=90.147.169.224-9618+[--1]-9618&noUDP&sock=5858_ade1_3>
...
009 (5451147.000.000) 07/05 16:08:28 Job was aborted by the user.
	via condor_rm (by user antonellopellecchia)
...
009 (5450583.000.000) 07/06 00:00:02 Job was aborted by the user.
	via condor_rm -forcex (by user condor)
...
009 (5451147.000.000) 07/06 00:00:03 Job was aborted by the user.
	via condor_rm -forcex (by user condor)
...
